
_____/\\\________/\\\___/\\\\\\\\\______/\\\\\\\\\\\\\\\__/\\\\\\\\\\\\\\\______
_____\///\\\____/\\\/__/\\\\\\\\\\\\\___\ \\\///////////__\ \\\///////////______
________\///\\\/\\\/___/\\\/////////\\\__\ \\\_____________\ \\\________________
___________\///\\\/____\ \\\_______\ \\\__\ \\\\\\\\\\\_____\ \\\\\\\\\\\_______
______________\ \\\_____\ \\\\\\\\\\\\\\\__\ \\\///////______\ \\\///////_______
_______________\ \\\_____\ \\\/////////\\\__\ \\\_____________\ \\\_____________
________________\ \\\_____\ \\\_______\ \\\__\ \\\_____________\ \\\____________
_________________\ \\\_____\ \\\_______\ \\\__\ \\\_____________\ \\\___________
__________________\///______\///________\///___\///______________\///___________

                  Welcome to Yaff 1.4.2 - Yet another force field

                                   Written by
      Toon Verstraelen(1)*, Louis Vanduyfhuys(1) and Steven Vandenbrande(1)

(1) Center for Molecular Modeling, Ghent University Belgium.
* mailto: Toon.Verstraelen@UGent.be

In a not-too-distant future, this program will be renamed to NINJAFF, which
stands for 'NINJAFF is not just another force field code'. Please, bear with us.


    ENV User:           tao
    ENV Platform:       Linux-5.0.0-38-generic-x86_64-with-Ubuntu-19.04-disco
    ENV Time:           2020-01-29T14:56:58.559422
    ENV Python version: 2.7.16 (default, Oct  7 2019, 17:36:04) [GCC 8.3.0]
    ENV YAFF version:   1.4.2
    ENV Current Dir:    /home/tao/Documents/Github/i-pi/examples/yaff/mil53_ffya
    ENV                 ff
    ENV Command line:   /home/tao/Documents/Github/i-pi/bin/i-pi input.xml

  UNITS The following units will be used below:
  UNITS ~~~~~~~~~~~~~~~~~~~~~~~~~~~~~~~~~~~~~~~~~~~~~~~~~~~~~~~~~~~~~~~~~~~~~~~~
  UNITS Kind          Conversion               Format Notation
  UNITS ~~~~~~~~~~~~~~~~~~~~~~~~~~~~~~~~~~~~~~~~~~~~~~~~~~~~~~~~~~~~~~~~~~~~~~~~
  UNITS        energy 3.808799176039228e-04    %10.1f kJ/mol
  UNITS   temperature 1.000000000000000e+00    %10.1f K
  UNITS        length 1.889726133921252e+00    %10.4f A
  UNITS     invlength 5.291772082999999e-01    %10.5f A^-1
  UNITS          area 3.571064861224962e+00    %10.3f A^2
  UNITS        volume 6.748334594184680e+00    %10.3f A^3
  UNITS          time 4.134137333664683e+01    %10.1f fs
  UNITS          mass 1.822888627353289e+03    %10.5f amu
  UNITS        charge 1.000000000000000e+00    %10.5f e
  UNITS         force 2.015529714951779e-04    %10.1f kJ/mol/A
  UNITS    forceconst 1.066572387803877e-04    %10.1f kJ/mol/A**2
  UNITS      velocity 4.571028926719556e-02    %10.5f A/fs
  UNITS  acceleration 1.105679022682005e-03    %10.5f A/fs**2
  UNITS         angle 1.745329251994330e-02    %10.5f deg
  UNITS            c6 1.000000000000000e+00    %10.5f E_h*a_0**6
  UNITS            c8 1.000000000000000e+00    %10.5f E_h*a_0**6
  UNITS           c12 1.000000000000000e+00    %10.5f E_h*a_0**12
  UNITS     diffconst 8.637992821731958e-05    %10.5f A**2/ps
  UNITS       density 1.626726283270276e+02    %10.3f g/cm^3
  UNITS ~~~~~~~~~~~~~~~~~~~~~~~~~~~~~~~~~~~~~~~~~~~~~~~~~~~~~~~~~~~~~~~~~~~~~~~~
  UNITS The internal data is divided by the corresponding conversion factor
  UNITS before it gets printed on screen.

    SYS Unit cell
    SYS ~~~~~~~~~~~~~~~~~~~~~~~~~~~~~~~~~~~~~~~~~~~~~~~~~~~~~~~~~~~~~~~~~~~~~~~~
    SYS Number of periodic dimensions: 3
    SYS Cell parameter     a:    16.5289
    SYS Cell parameter     b:    13.3733
    SYS Cell parameter     c:    13.6392
    SYS Cell parameter alpha:   90.00012
    SYS Cell parameter  beta:   90.00069
    SYS Cell parameter gamma:   89.99945
    SYS ~~~~~~~~~~~~~~~~~~~~~~~~~~~~~~~~~~~~~~~~~~~~~~~~~~~~~~~~~~~~~~~~~~~~~~~~

    SYS Analysis of the bonds:
    SYS ~~~~~~~~~~~~~~~~~~~~~~~~~~~~~~~~~~~~~~~~~~~~~~~~~~~~~~~~~~~~~~~~~~~~~~~~
    SYS  First   Second   Count
    SYS      1        6      32
    SYS      1        8       8
    SYS      6        6      64
    SYS      6        8      32
    SYS      8       13      48
    SYS ~~~~~~~~~~~~~~~~~~~~~~~~~~~~~~~~~~~~~~~~~~~~~~~~~~~~~~~~~~~~~~~~~~~~~~~~

    SYS Analysis of the neighbors:
    SYS ~~~~~~~~~~~~~~~~~~~~~~~~~~~~~~~~~~~~~~~~~~~~~~~~~~~~~~~~~~~~~~~~~~~~~~~~
    SYS Number of first neighbors:     184
    SYS Number of second neighbors:    368
    SYS Number of third neighbors:     568
    SYS ~~~~~~~~~~~~~~~~~~~~~~~~~~~~~~~~~~~~~~~~~~~~~~~~~~~~~~~~~~~~~~~~~~~~~~~~
    SYS Element   Neighboring elements   Count
    SYS       1                      6      32
    SYS       1                      8       8
    SYS       6                  1,6,6      32
    SYS       6                  6,6,6      16
    SYS       6                  6,8,8      16
    SYS       8                1,13,13       8
    SYS       8                   6,13      32
    SYS      13            8,8,8,8,8,8       8
    SYS ~~~~~~~~~~~~~~~~~~~~~~~~~~~~~~~~~~~~~~~~~~~~~~~~~~~~~~~~~~~~~~~~~~~~~~~~

    SYS The following atom types are present in the system:
    SYS ~~~~~~~~~~~~~~~~~~~~~~~~~~~~~~~~~~~~~~~~~~~~~~~~~~~~~~~~~~~~~~~~~~~~~~~~
    SYS              Atom type   ID   Number of atoms
    SYS ~~~~~~~~~~~~~~~~~~~~~~~~~~~~~~~~~~~~~~~~~~~~~~~~~~~~~~~~~~~~~~~~~~~~~~~~
    SYS                     AL    0         8
    SYS                   O_CA    1        32
    SYS                   O_HY    2         8
    SYS                   C_PH    3        32
    SYS                   C_PC    4        16
    SYS                   C_CA    5        16
    SYS                   H_PH    6        32
    SYS                   H_HY    7         8
    SYS ~~~~~~~~~~~~~~~~~~~~~~~~~~~~~~~~~~~~~~~~~~~~~~~~~~~~~~~~~~~~~~~~~~~~~~~~


    GEN Generating force field from pars.txt

 FPINIT Force part: valence
 FPINIT ~~~~~~~~~~~~~~~~~~~~~~~~~~~~~~~~~~~~~~~~~~~~~~~~~~~~~~~~~~~~~~~~~~~~~~~~
 FPINIT Force part: pair_mm3
 FPINIT ~~~~~~~~~~~~~~~~~~~~~~~~~~~~~~~~~~~~~~~~~~~~~~~~~~~~~~~~~~~~~~~~~~~~~~~~
 FPINIT   scalings:          0.000 0.000 1.000
 FPINIT   real space cutoff:    15.0000
 FPINIT   truncation:     switch3     4.0000
 FPINIT ~~~~~~~~~~~~~~~~~~~~~~~~~~~~~~~~~~~~~~~~~~~~~~~~~~~~~~~~~~~~~~~~~~~~~~~~

    GEN WARNING!! No charge transfer parameter for atom pair (4,0) with fftype
    GEN           (O_CA,AL).
    GEN WARNING!! No charge transfer parameter for atom pair (5,0) with fftype
    GEN           (O_HY,AL).
    GEN WARNING!! No charge transfer parameter for atom pair (5,1) with fftype
    GEN           (O_HY,AL).
    GEN WARNING!! No charge transfer parameter for atom pair (6,76) with fftype
    GEN           (O_HY,AL).
    GEN WARNING!! No charge transfer parameter for atom pair (6,1) with fftype
    GEN           (O_HY,AL).
    GEN WARNING!! No charge transfer parameter for atom pair (7,3) with fftype
    GEN           (O_CA,AL).
    GEN WARNING!! No charge transfer parameter for atom pair (8,0) with fftype
    GEN           (O_CA,AL).
    GEN WARNING!! No charge transfer parameter for atom pair (9,3) with fftype
    GEN           (O_CA,AL).
    GEN WARNING!! No charge transfer parameter for atom pair (10,1) with fftype
    GEN           (O_CA,AL).
    GEN WARNING!! No charge transfer parameter for atom pair (11,1) with fftype
    GEN           (O_CA,AL).
    GEN WARNING!! No charge transfer parameter for atom pair (12,2) with fftype
    GEN           (O_CA,AL).
    GEN WARNING!! No charge transfer parameter for atom pair (13,1) with fftype
    GEN           (O_CA,AL).
    GEN WARNING!! No charge transfer parameter for atom pair (14,1) with fftype
    GEN           (O_CA,AL).
    GEN WARNING!! No charge transfer parameter for atom pair (15,2) with fftype
    GEN           (O_CA,AL).
    GEN WARNING!! No charge transfer parameter for atom pair (16,2) with fftype
    GEN           (O_CA,AL).
    GEN WARNING!! No charge transfer parameter for atom pair (17,76) with
    GEN           fftype (O_CA,AL).
    GEN WARNING!! No charge transfer parameter for atom pair (18,79) with
    GEN           fftype (O_CA,AL).
    GEN WARNING!! No charge transfer parameter for atom pair (19,79) with
    GEN           fftype (O_CA,AL).
    GEN WARNING!! No charge transfer parameter for atom pair (20,76) with
    GEN           fftype (O_CA,AL).
    GEN WARNING!! No charge transfer parameter for atom pair (21,2) with fftype
    GEN           (O_CA,AL).
    GEN WARNING!! No charge transfer parameter for atom pair (22,2) with fftype
    GEN           (O_HY,AL).
    GEN WARNING!! No charge transfer parameter for atom pair (22,79) with
    GEN           fftype (O_HY,AL).
    GEN WARNING!! No charge transfer parameter for atom pair (23,2) with fftype
    GEN           (O_HY,AL).
    GEN WARNING!! No charge transfer parameter for atom pair (23,3) with fftype
    GEN           (O_HY,AL).
    GEN WARNING!! No charge transfer parameter for atom pair (25,24) with
    GEN           fftype (C_PC,C_PH).
    GEN WARNING!! No charge transfer parameter for atom pair (26,25) with
    GEN           fftype (C_PH,C_PC).
    GEN WARNING!! No charge transfer parameter for atom pair (28,27) with
    GEN           fftype (C_PC,C_PH).
    GEN WARNING!! No charge transfer parameter for atom pair (29,28) with
    GEN           fftype (C_PH,C_PC).
    GEN WARNING!! No charge transfer parameter for atom pair (30,4) with fftype
    GEN           (C_CA,O_CA).
    GEN WARNING!! No charge transfer parameter for atom pair (30,13) with
    GEN           fftype (C_CA,O_CA).
    GEN WARNING!! No charge transfer parameter for atom pair (30,28) with
    GEN           fftype (C_CA,C_PC).
    GEN WARNING!! No charge transfer parameter for atom pair (31,7) with fftype
    GEN           (C_CA,O_CA).
    GEN WARNING!! No charge transfer parameter for atom pair (31,21) with
    GEN           fftype (C_CA,O_CA).
    GEN WARNING!! No charge transfer parameter for atom pair (31,25) with
    GEN           fftype (C_CA,C_PC).
    GEN WARNING!! No charge transfer parameter for atom pair (32,8) with fftype
    GEN           (C_CA,O_CA).
    GEN WARNING!! No charge transfer parameter for atom pair (32,10) with
    GEN           fftype (C_CA,O_CA).
    GEN WARNING!! No charge transfer parameter for atom pair (33,32) with
    GEN           fftype (C_PC,C_CA).
    GEN WARNING!! No charge transfer parameter for atom pair (34,33) with
    GEN           fftype (C_PH,C_PC).
    GEN WARNING!! No charge transfer parameter for atom pair (36,35) with
    GEN           fftype (C_PC,C_PH).
    GEN WARNING!! No charge transfer parameter for atom pair (37,36) with
    GEN           fftype (C_PH,C_PC).
    GEN WARNING!! No charge transfer parameter for atom pair (38,33) with
    GEN           fftype (C_PH,C_PC).
    GEN WARNING!! No charge transfer parameter for atom pair (39,9) with fftype
    GEN           (C_CA,O_CA).
    GEN WARNING!! No charge transfer parameter for atom pair (39,16) with
    GEN           fftype (C_CA,O_CA).
    GEN WARNING!! No charge transfer parameter for atom pair (39,36) with
    GEN           fftype (C_CA,C_PC).
    GEN WARNING!! No charge transfer parameter for atom pair (40,11) with
    GEN           fftype (C_CA,O_CA).
    GEN WARNING!! No charge transfer parameter for atom pair (40,17) with
    GEN           fftype (C_CA,O_CA).
    GEN WARNING!! No charge transfer parameter for atom pair (41,40) with
    GEN           fftype (C_PC,C_CA).
    GEN WARNING!! No charge transfer parameter for atom pair (42,41) with
    GEN           fftype (C_PH,C_PC).
    GEN WARNING!! No charge transfer parameter for atom pair (44,43) with
    GEN           fftype (C_PC,C_PH).
    GEN WARNING!! No charge transfer parameter for atom pair (45,44) with
    GEN           fftype (C_PH,C_PC).
    GEN WARNING!! No charge transfer parameter for atom pair (46,41) with
    GEN           fftype (C_PH,C_PC).
    GEN WARNING!! No charge transfer parameter for atom pair (47,12) with
    GEN           fftype (C_CA,O_CA).
    GEN WARNING!! No charge transfer parameter for atom pair (47,18) with
    GEN           fftype (C_CA,O_CA).
    GEN WARNING!! No charge transfer parameter for atom pair (47,44) with
    GEN           fftype (C_CA,C_PC).
    GEN WARNING!! No charge transfer parameter for atom pair (48,14) with
    GEN           fftype (C_CA,O_CA).
    GEN WARNING!! No charge transfer parameter for atom pair (48,20) with
    GEN           fftype (C_CA,O_CA).
    GEN WARNING!! No charge transfer parameter for atom pair (49,48) with
    GEN           fftype (C_PC,C_CA).
    GEN WARNING!! No charge transfer parameter for atom pair (50,49) with
    GEN           fftype (C_PH,C_PC).
    GEN WARNING!! No charge transfer parameter for atom pair (52,51) with
    GEN           fftype (C_PC,C_PH).
    GEN WARNING!! No charge transfer parameter for atom pair (53,52) with
    GEN           fftype (C_PH,C_PC).
    GEN WARNING!! No charge transfer parameter for atom pair (54,49) with
    GEN           fftype (C_PH,C_PC).
    GEN WARNING!! No charge transfer parameter for atom pair (55,15) with
    GEN           fftype (C_CA,O_CA).
    GEN WARNING!! No charge transfer parameter for atom pair (55,19) with
    GEN           fftype (C_CA,O_CA).
    GEN WARNING!! No charge transfer parameter for atom pair (55,52) with
    GEN           fftype (C_CA,C_PC).
    GEN WARNING!! No charge transfer parameter for atom pair (56,51) with
    GEN           fftype (H_PH,C_PH).
    GEN WARNING!! No charge transfer parameter for atom pair (57,50) with
    GEN           fftype (H_PH,C_PH).
    GEN WARNING!! No charge transfer parameter for atom pair (58,24) with
    GEN           fftype (H_PH,C_PH).
    GEN WARNING!! No charge transfer parameter for atom pair (59,29) with
    GEN           fftype (H_PH,C_PH).
    GEN WARNING!! No charge transfer parameter for atom pair (60,5) with fftype
    GEN           (H_HY,O_HY).
    GEN WARNING!! No charge transfer parameter for atom pair (61,6) with fftype
    GEN           (H_HY,O_HY).
    GEN WARNING!! No charge transfer parameter for atom pair (62,22) with
    GEN           fftype (H_HY,O_HY).
    GEN WARNING!! No charge transfer parameter for atom pair (63,23) with
    GEN           fftype (H_HY,O_HY).
    GEN WARNING!! No charge transfer parameter for atom pair (64,46) with
    GEN           fftype (H_PH,C_PH).
    GEN WARNING!! No charge transfer parameter for atom pair (65,45) with
    GEN           fftype (H_PH,C_PH).
    GEN WARNING!! No charge transfer parameter for atom pair (66,35) with
    GEN           fftype (H_PH,C_PH).
    GEN WARNING!! No charge transfer parameter for atom pair (67,34) with
    GEN           fftype (H_PH,C_PH).
    GEN WARNING!! No charge transfer parameter for atom pair (68,43) with
    GEN           fftype (H_PH,C_PH).
    GEN WARNING!! No charge transfer parameter for atom pair (69,42) with
    GEN           fftype (H_PH,C_PH).
    GEN WARNING!! No charge transfer parameter for atom pair (70,38) with
    GEN           fftype (H_PH,C_PH).
    GEN WARNING!! No charge transfer parameter for atom pair (71,37) with
    GEN           fftype (H_PH,C_PH).
    GEN WARNING!! No charge transfer parameter for atom pair (72,27) with
    GEN           fftype (H_PH,C_PH).
    GEN WARNING!! No charge transfer parameter for atom pair (73,26) with
    GEN           fftype (H_PH,C_PH).
    GEN WARNING!! No charge transfer parameter for atom pair (74,54) with
    GEN           fftype (H_PH,C_PH).
    GEN WARNING!! No charge transfer parameter for atom pair (75,53) with
    GEN           fftype (H_PH,C_PH).
    GEN WARNING!! No charge transfer parameter for atom pair (80,76) with
    GEN           fftype (O_CA,AL).
    GEN WARNING!! No charge transfer parameter for atom pair (81,76) with
    GEN           fftype (O_HY,AL).
    GEN WARNING!! No charge transfer parameter for atom pair (81,77) with
    GEN           fftype (O_HY,AL).
    GEN WARNING!! No charge transfer parameter for atom pair (82,0) with fftype
    GEN           (O_HY,AL).
    GEN WARNING!! No charge transfer parameter for atom pair (82,77) with
    GEN           fftype (O_HY,AL).
    GEN WARNING!! No charge transfer parameter for atom pair (83,79) with
    GEN           fftype (O_CA,AL).
    GEN WARNING!! No charge transfer parameter for atom pair (84,76) with
    GEN           fftype (O_CA,AL).
    GEN WARNING!! No charge transfer parameter for atom pair (85,79) with
    GEN           fftype (O_CA,AL).
    GEN WARNING!! No charge transfer parameter for atom pair (86,77) with
    GEN           fftype (O_CA,AL).
    GEN WARNING!! No charge transfer parameter for atom pair (87,77) with
    GEN           fftype (O_CA,AL).
    GEN WARNING!! No charge transfer parameter for atom pair (88,78) with
    GEN           fftype (O_CA,AL).
    GEN WARNING!! No charge transfer parameter for atom pair (89,77) with
    GEN           fftype (O_CA,AL).
    GEN WARNING!! No charge transfer parameter for atom pair (90,77) with
    GEN           fftype (O_CA,AL).
    GEN WARNING!! No charge transfer parameter for atom pair (91,78) with
    GEN           fftype (O_CA,AL).
    GEN WARNING!! No charge transfer parameter for atom pair (92,78) with
    GEN           fftype (O_CA,AL).
    GEN WARNING!! No charge transfer parameter for atom pair (93,0) with fftype
    GEN           (O_CA,AL).
    GEN WARNING!! No charge transfer parameter for atom pair (94,3) with fftype
    GEN           (O_CA,AL).
    GEN WARNING!! No charge transfer parameter for atom pair (95,3) with fftype
    GEN           (O_CA,AL).
    GEN WARNING!! No charge transfer parameter for atom pair (96,0) with fftype
    GEN           (O_CA,AL).
    GEN WARNING!! No charge transfer parameter for atom pair (97,78) with
    GEN           fftype (O_CA,AL).
    GEN WARNING!! No charge transfer parameter for atom pair (98,78) with
    GEN           fftype (O_HY,AL).
    GEN WARNING!! No charge transfer parameter for atom pair (98,3) with fftype
    GEN           (O_HY,AL).
    GEN WARNING!! No charge transfer parameter for atom pair (99,78) with
    GEN           fftype (O_HY,AL).
    GEN WARNING!! No charge transfer parameter for atom pair (99,79) with
    GEN           fftype (O_HY,AL).
    GEN WARNING!! No charge transfer parameter for atom pair (101,100) with
    GEN           fftype (C_PC,C_PH).
    GEN WARNING!! No charge transfer parameter for atom pair (102,101) with
    GEN           fftype (C_PH,C_PC).
    GEN WARNING!! No charge transfer parameter for atom pair (104,103) with
    GEN           fftype (C_PC,C_PH).
    GEN WARNING!! No charge transfer parameter for atom pair (105,104) with
    GEN           fftype (C_PH,C_PC).
    GEN WARNING!! No charge transfer parameter for atom pair (106,80) with
    GEN           fftype (C_CA,O_CA).
    GEN WARNING!! No charge transfer parameter for atom pair (106,89) with
    GEN           fftype (C_CA,O_CA).
    GEN WARNING!! No charge transfer parameter for atom pair (106,104) with
    GEN           fftype (C_CA,C_PC).
    GEN WARNING!! No charge transfer parameter for atom pair (107,83) with
    GEN           fftype (C_CA,O_CA).
    GEN WARNING!! No charge transfer parameter for atom pair (107,97) with
    GEN           fftype (C_CA,O_CA).
    GEN WARNING!! No charge transfer parameter for atom pair (107,101) with
    GEN           fftype (C_CA,C_PC).
    GEN WARNING!! No charge transfer parameter for atom pair (108,84) with
    GEN           fftype (C_CA,O_CA).
    GEN WARNING!! No charge transfer parameter for atom pair (108,86) with
    GEN           fftype (C_CA,O_CA).
    GEN WARNING!! No charge transfer parameter for atom pair (109,108) with
    GEN           fftype (C_PC,C_CA).
    GEN WARNING!! No charge transfer parameter for atom pair (110,109) with
    GEN           fftype (C_PH,C_PC).
    GEN WARNING!! No charge transfer parameter for atom pair (112,111) with
    GEN           fftype (C_PC,C_PH).
    GEN WARNING!! No charge transfer parameter for atom pair (113,112) with
    GEN           fftype (C_PH,C_PC).
    GEN WARNING!! No charge transfer parameter for atom pair (114,109) with
    GEN           fftype (C_PH,C_PC).
    GEN WARNING!! No charge transfer parameter for atom pair (115,85) with
    GEN           fftype (C_CA,O_CA).
    GEN WARNING!! No charge transfer parameter for atom pair (115,92) with
    GEN           fftype (C_CA,O_CA).
    GEN WARNING!! No charge transfer parameter for atom pair (115,112) with
    GEN           fftype (C_CA,C_PC).
    GEN WARNING!! No charge transfer parameter for atom pair (116,87) with
    GEN           fftype (C_CA,O_CA).
    GEN WARNING!! No charge transfer parameter for atom pair (116,93) with
    GEN           fftype (C_CA,O_CA).
    GEN WARNING!! No charge transfer parameter for atom pair (117,116) with
    GEN           fftype (C_PC,C_CA).
    GEN WARNING!! No charge transfer parameter for atom pair (118,117) with
    GEN           fftype (C_PH,C_PC).
    GEN WARNING!! No charge transfer parameter for atom pair (120,119) with
    GEN           fftype (C_PC,C_PH).
    GEN WARNING!! No charge transfer parameter for atom pair (121,120) with
    GEN           fftype (C_PH,C_PC).
    GEN WARNING!! No charge transfer parameter for atom pair (122,117) with
    GEN           fftype (C_PH,C_PC).
    GEN WARNING!! No charge transfer parameter for atom pair (123,88) with
    GEN           fftype (C_CA,O_CA).
    GEN WARNING!! No charge transfer parameter for atom pair (123,94) with
    GEN           fftype (C_CA,O_CA).
    GEN WARNING!! No charge transfer parameter for atom pair (123,120) with
    GEN           fftype (C_CA,C_PC).
    GEN WARNING!! No charge transfer parameter for atom pair (124,90) with
    GEN           fftype (C_CA,O_CA).
    GEN WARNING!! No charge transfer parameter for atom pair (124,96) with
    GEN           fftype (C_CA,O_CA).
    GEN WARNING!! No charge transfer parameter for atom pair (125,124) with
    GEN           fftype (C_PC,C_CA).
    GEN WARNING!! No charge transfer parameter for atom pair (126,125) with
    GEN           fftype (C_PH,C_PC).
    GEN WARNING!! No charge transfer parameter for atom pair (128,127) with
    GEN           fftype (C_PC,C_PH).
    GEN WARNING!! No charge transfer parameter for atom pair (129,128) with
    GEN           fftype (C_PH,C_PC).
    GEN WARNING!! No charge transfer parameter for atom pair (130,125) with
    GEN           fftype (C_PH,C_PC).
    GEN WARNING!! No charge transfer parameter for atom pair (131,91) with
    GEN           fftype (C_CA,O_CA).
    GEN WARNING!! No charge transfer parameter for atom pair (131,95) with
    GEN           fftype (C_CA,O_CA).
    GEN WARNING!! No charge transfer parameter for atom pair (131,128) with
    GEN           fftype (C_CA,C_PC).
    GEN WARNING!! No charge transfer parameter for atom pair (132,127) with
    GEN           fftype (H_PH,C_PH).
    GEN WARNING!! No charge transfer parameter for atom pair (133,126) with
    GEN           fftype (H_PH,C_PH).
    GEN WARNING!! No charge transfer parameter for atom pair (134,100) with
    GEN           fftype (H_PH,C_PH).
    GEN WARNING!! No charge transfer parameter for atom pair (135,105) with
    GEN           fftype (H_PH,C_PH).
    GEN WARNING!! No charge transfer parameter for atom pair (136,81) with
    GEN           fftype (H_HY,O_HY).
    GEN WARNING!! No charge transfer parameter for atom pair (137,82) with
    GEN           fftype (H_HY,O_HY).
    GEN WARNING!! No charge transfer parameter for atom pair (138,98) with
    GEN           fftype (H_HY,O_HY).
    GEN WARNING!! No charge transfer parameter for atom pair (139,99) with
    GEN           fftype (H_HY,O_HY).
    GEN WARNING!! No charge transfer parameter for atom pair (140,122) with
    GEN           fftype (H_PH,C_PH).
    GEN WARNING!! No charge transfer parameter for atom pair (141,121) with
    GEN           fftype (H_PH,C_PH).
    GEN WARNING!! No charge transfer parameter for atom pair (142,111) with
    GEN           fftype (H_PH,C_PH).
    GEN WARNING!! No charge transfer parameter for atom pair (143,110) with
    GEN           fftype (H_PH,C_PH).
    GEN WARNING!! No charge transfer parameter for atom pair (144,119) with
    GEN           fftype (H_PH,C_PH).
    GEN WARNING!! No charge transfer parameter for atom pair (145,118) with
    GEN           fftype (H_PH,C_PH).
    GEN WARNING!! No charge transfer parameter for atom pair (146,114) with
    GEN           fftype (H_PH,C_PH).
    GEN WARNING!! No charge transfer parameter for atom pair (147,113) with
    GEN           fftype (H_PH,C_PH).
    GEN WARNING!! No charge transfer parameter for atom pair (148,103) with
    GEN           fftype (H_PH,C_PH).
    GEN WARNING!! No charge transfer parameter for atom pair (149,102) with
    GEN           fftype (H_PH,C_PH).
    GEN WARNING!! No charge transfer parameter for atom pair (150,130) with
    GEN           fftype (H_PH,C_PH).
    GEN WARNING!! No charge transfer parameter for atom pair (151,129) with
    GEN           fftype (H_PH,C_PH).

 FPINIT Force part: pair_ei
 FPINIT ~~~~~~~~~~~~~~~~~~~~~~~~~~~~~~~~~~~~~~~~~~~~~~~~~~~~~~~~~~~~~~~~~~~~~~~~
 FPINIT   scalings:          1.000 1.000 1.000
 FPINIT   real space cutoff:    15.0000
 FPINIT   truncation:     switch3     4.0000
 FPINIT   alpha:                    0.21333
 FPINIT   relative permittivity: 1.000
 FPINIT ~~~~~~~~~~~~~~~~~~~~~~~~~~~~~~~~~~~~~~~~~~~~~~~~~~~~~~~~~~~~~~~~~~~~~~~~
 FPINIT Force part: ewald_reci
 FPINIT ~~~~~~~~~~~~~~~~~~~~~~~~~~~~~~~~~~~~~~~~~~~~~~~~~~~~~~~~~~~~~~~~~~~~~~~~
 FPINIT   alpha:                    0.21333
 FPINIT   gcut:                     0.32000
 FPINIT   relative permittivity: 1.000
 FPINIT ~~~~~~~~~~~~~~~~~~~~~~~~~~~~~~~~~~~~~~~~~~~~~~~~~~~~~~~~~~~~~~~~~~~~~~~~
 FPINIT Force part: ewald_cor
 FPINIT ~~~~~~~~~~~~~~~~~~~~~~~~~~~~~~~~~~~~~~~~~~~~~~~~~~~~~~~~~~~~~~~~~~~~~~~~
 FPINIT   alpha:                0.21333
 FPINIT   relative permittivity   1.000
 FPINIT   scalings:          1.000 1.000 1.000
 FPINIT ~~~~~~~~~~~~~~~~~~~~~~~~~~~~~~~~~~~~~~~~~~~~~~~~~~~~~~~~~~~~~~~~~~~~~~~~
 FPINIT Force part: ewald_neut
 FPINIT ~~~~~~~~~~~~~~~~~~~~~~~~~~~~~~~~~~~~~~~~~~~~~~~~~~~~~~~~~~~~~~~~~~~~~~~~
 FPINIT   alpha:                      0.21333
 FPINIT   relative permittivity:   1.000
 FPINIT ~~~~~~~~~~~~~~~~~~~~~~~~~~~~~~~~~~~~~~~~~~~~~~~~~~~~~~~~~~~~~~~~~~~~~~~~

    GEN WARNING!! No covalent three-body term for atoms (96, 0 4)
    GEN WARNING!! No covalent three-body term for atoms (96, 0 8)
    GEN WARNING!! No covalent three-body term for atoms (96, 0 93)
    GEN WARNING!! No covalent three-body term for atoms (8, 0 4)
    GEN WARNING!! No covalent three-body term for atoms (82, 0 5)
    GEN WARNING!! No covalent three-body term for atoms (93, 0 4)
    GEN WARNING!! No covalent three-body term for atoms (93, 0 8)
    GEN WARNING!! No covalent three-body term for atoms (6, 1 5)
    GEN WARNING!! No covalent three-body term for atoms (11, 1 10)
    GEN WARNING!! No covalent three-body term for atoms (13, 1 10)
    GEN WARNING!! No covalent three-body term for atoms (13, 1 11)
    GEN WARNING!! No covalent three-body term for atoms (14, 1 10)
    GEN WARNING!! No covalent three-body term for atoms (14, 1 11)
    GEN WARNING!! No covalent three-body term for atoms (14, 1 13)
    GEN WARNING!! No covalent three-body term for atoms (15, 2 12)
    GEN WARNING!! No covalent three-body term for atoms (16, 2 12)
    GEN WARNING!! No covalent three-body term for atoms (16, 2 15)
    GEN WARNING!! No covalent three-body term for atoms (21, 2 12)
    GEN WARNING!! No covalent three-body term for atoms (21, 2 15)
    GEN WARNING!! No covalent three-body term for atoms (21, 2 16)
    GEN WARNING!! No covalent three-body term for atoms (23, 2 22)
    GEN WARNING!! No covalent three-body term for atoms (98, 3 23)
    GEN WARNING!! No covalent three-body term for atoms (9, 3 7)
    GEN WARNING!! No covalent three-body term for atoms (94, 3 7)
    GEN WARNING!! No covalent three-body term for atoms (94, 3 9)
    GEN WARNING!! No covalent three-body term for atoms (95, 3 7)
    GEN WARNING!! No covalent three-body term for atoms (95, 3 9)
    GEN WARNING!! No covalent three-body term for atoms (95, 3 94)
    GEN WARNING!! No covalent three-body term for atoms (81, 76 6)
    GEN WARNING!! No covalent three-body term for atoms (80, 76 17)
    GEN WARNING!! No covalent three-body term for atoms (80, 76 20)
    GEN WARNING!! No covalent three-body term for atoms (20, 76 17)
    GEN WARNING!! No covalent three-body term for atoms (84, 76 80)
    GEN WARNING!! No covalent three-body term for atoms (84, 76 17)
    GEN WARNING!! No covalent three-body term for atoms (84, 76 20)
    GEN WARNING!! No covalent three-body term for atoms (82, 77 81)
    GEN WARNING!! No covalent three-body term for atoms (87, 77 86)
    GEN WARNING!! No covalent three-body term for atoms (89, 77 86)
    GEN WARNING!! No covalent three-body term for atoms (89, 77 87)
    GEN WARNING!! No covalent three-body term for atoms (90, 77 86)
    GEN WARNING!! No covalent three-body term for atoms (90, 77 87)
    GEN WARNING!! No covalent three-body term for atoms (90, 77 89)
    GEN WARNING!! No covalent three-body term for atoms (97, 78 88)
    GEN WARNING!! No covalent three-body term for atoms (97, 78 91)
    GEN WARNING!! No covalent three-body term for atoms (97, 78 92)
    GEN WARNING!! No covalent three-body term for atoms (99, 78 98)
    GEN WARNING!! No covalent three-body term for atoms (91, 78 88)
    GEN WARNING!! No covalent three-body term for atoms (92, 78 88)
    GEN WARNING!! No covalent three-body term for atoms (92, 78 91)
    GEN WARNING!! No covalent three-body term for atoms (19, 79 18)
    GEN WARNING!! No covalent three-body term for atoms (99, 79 22)
    GEN WARNING!! No covalent three-body term for atoms (83, 79 19)
    GEN WARNING!! No covalent three-body term for atoms (83, 79 18)
    GEN WARNING!! No covalent three-body term for atoms (85, 79 19)
    GEN WARNING!! No covalent three-body term for atoms (85, 79 18)
    GEN WARNING!! No covalent three-body term for atoms (85, 79 83)

 FFINIT Force field with 6 parts: valence, pair_mm3, pair_ei, ewald_reci,
 FFINIT                           ewald_cor, ewald_neut.
 FFINIT Neighborlist present: True
